The following modules were not unloaded:
  (Use "module --force purge" to unload all):

  1) CCconfig        6)  ucx/1.14.1         11) flexiblas/3.3.1
  2) gentoo/2023     7)  libfabric/1.18.0   12) blis/0.9.0
  3) gcccore/.12.3   8)  pmix/4.2.4         13) StdEnv/2023
  4) gcc/12.3        9)  ucc/1.2.0
  5) hwloc/2.9.1     10) openmpi/4.1.5
  Metadata: 1414 event types, streams={0: 'compact'}
  Metadata: 1414 event types, streams={0: 'compact'}
  Metadata: 1414 event types, streams={0: 'compact'}
  Metadata: 1414 event types, streams={0: 'compact'}
  Metadata: 1414 event types, streams={0: 'compact'}
  Metadata: 1414 event types, streams={0: 'compact'}
  Metadata: 1414 event types, streams={0: 'compact'}
  Metadata: 1414 event types, streams={0: 'compact'}
  Metadata: 1414 event types, streams={0: 'compact'}
  Metadata: 1414 event types, streams={0: 'compact'}
  Metadata: 1414 event types, streams={0: 'compact'}
  Metadata: 1414 event types, streams={0: 'compact'}
  Metadata: 1414 event types, streams={0: 'compact'}
  Metadata: 1414 event types, streams={0: 'compact'}
  Metadata: 1414 event types, streams={0: 'compact'}
  Metadata: 1414 event types, streams={0: 'compact'}
  Metadata: 1414 event types, streams={0: 'compact'}
  Metadata: 1414 event types, streams={0: 'compact'}
  Metadata: 1414 event types, streams={0: 'compact'}
  Metadata: 1414 event types, streams={0: 'compact'}
  Metadata: 1414 event types, streams={0: 'compact'}
  Metadata: 1414 event types, streams={0: 'compact'}
  Metadata: 1414 event types, streams={0: 'compact'}
  Metadata: 1414 event types, streams={0: 'compact'}
  Metadata: 1414 event types, streams={0: 'compact'}
  Metadata: 1414 event types, streams={0: 'compact'}
  Metadata: 1414 event types, streams={0: 'compact'}
  Metadata: 1414 event types, streams={0: 'compact'}
  Metadata: 1414 event types, streams={0: 'compact'}
  Metadata: 1414 event types, streams={0: 'compact'}
  Metadata: 1414 event types, streams={0: 'compact'}
  Metadata: 1414 event types, streams={0: 'compact'}
  Metadata: 1414 event types, streams={0: 'compact'}
  Metadata: 1414 event types, streams={0: 'compact'}
  Metadata: 1414 event types, streams={0: 'compact'}
  Metadata: 1414 event types, streams={0: 'compact'}
  Metadata: 1414 event types, streams={0: 'compact'}
  Metadata: 1414 event types, streams={0: 'compact'}
  Metadata: 1414 event types, streams={0: 'compact'}
  Metadata: 1414 event types, streams={0: 'compact'}
  Metadata: 1414 event types, streams={0: 'compact'}
  Metadata: 1414 event types, streams={0: 'compact'}
  Metadata: 1414 event types, streams={0: 'compact'}
  Metadata: 1414 event types, streams={0: 'compact'}
  Metadata: 1414 event types, streams={0: 'compact'}
  Metadata: 1414 event types, streams={0: 'compact'}
  Metadata: 1414 event types, streams={0: 'compact'}
  Metadata: 1414 event types, streams={0: 'compact'}
  Metadata: 1414 event types, streams={0: 'compact'}
  Metadata: 1414 event types, streams={0: 'compact'}
  Metadata: 1414 event types, streams={0: 'compact'}
  Metadata: 1414 event types, streams={0: 'compact'}
  Metadata: 1414 event types, streams={0: 'compact'}
  Metadata: 1414 event types, streams={0: 'compact'}
  Metadata: 1414 event types, streams={0: 'compact'}
  Metadata: 1414 event types, streams={0: 'compact'}
  Metadata: 1414 event types, streams={0: 'compact'}
  Metadata: 1414 event types, streams={0: 'compact'}
  Metadata: 1414 event types, streams={0: 'compact'}
  Metadata: 1414 event types, streams={0: 'compact'}
  Metadata: 1414 event types, streams={0: 'compact'}
  Metadata: 1414 event types, streams={0: 'compact'}
  Metadata: 1414 event types, streams={0: 'compact'}
  Metadata: 1414 event types, streams={0: 'compact'}
  Metadata: 1414 event types, streams={0: 'compact'}
  Metadata: 1414 event types, streams={0: 'compact'}
  Metadata: 1414 event types, streams={0: 'compact'}
  Metadata: 1414 event types, streams={0: 'compact'}
  Metadata: 1414 event types, streams={0: 'compact'}
  Metadata: 1414 event types, streams={0: 'compact'}
  Metadata: 1414 event types, streams={0: 'compact'}
  Metadata: 1414 event types, streams={0: 'compact'}
  Metadata: 1414 event types, streams={0: 'compact'}
  Metadata: 1414 event types, streams={0: 'compact'}
  Metadata: 1414 event types, streams={0: 'compact'}
  Metadata: 1414 event types, streams={0: 'compact'}
  Metadata: 1414 event types, streams={0: 'compact'}
  Metadata: 1414 event types, streams={0: 'compact'}
  Metadata: 1414 event types, streams={0: 'compact'}
  Metadata: 1414 event types, streams={0: 'compact'}
  Metadata: 1414 event types, streams={0: 'compact'}
  Metadata: 1414 event types, streams={0: 'compact'}
  Metadata: 1414 event types, streams={0: 'compact'}
  Metadata: 1414 event types, streams={0: 'compact'}
  Metadata: 1414 event types, streams={0: 'compact'}
  Metadata: 1414 event types, streams={0: 'compact'}
  Metadata: 1414 event types, streams={0: 'compact'}
  Metadata: 1414 event types, streams={0: 'compact'}
  Metadata: 1414 event types, streams={0: 'compact'}
  Metadata: 1414 event types, streams={0: 'compact'}
  Metadata: 1414 event types, streams={0: 'compact'}
  Metadata: 1414 event types, streams={0: 'compact'}
  Metadata: 1414 event types, streams={0: 'compact'}
  Metadata: 1414 event types, streams={0: 'compact'}
  Metadata: 1414 event types, streams={0: 'compact'}
  Metadata: 1414 event types, streams={0: 'compact'}
  Metadata: 1414 event types, streams={0: 'compact'}
  Metadata: 1414 event types, streams={0: 'compact'}
  Metadata: 1414 event types, streams={0: 'compact'}
  Metadata: 1414 event types, streams={0: 'compact'}
  Metadata: 1414 event types, streams={0: 'compact'}
  Metadata: 1414 event types, streams={0: 'compact'}
  Metadata: 1414 event types, streams={0: 'compact'}
  Metadata: 1414 event types, streams={0: 'compact'}
  Metadata: 1414 event types, streams={0: 'compact'}
  Metadata: 1414 event types, streams={0: 'compact'}
  Metadata: 1414 event types, streams={0: 'compact'}
  Metadata: 1414 event types, streams={0: 'compact'}
  Metadata: 1414 event types, streams={0: 'compact'}
  Metadata: 1414 event types, streams={0: 'compact'}
  Metadata: 1414 event types, streams={0: 'compact'}
  Metadata: 1414 event types, streams={0: 'compact'}
  Metadata: 1414 event types, streams={0: 'compact'}
  Metadata: 1414 event types, streams={0: 'compact'}
  Metadata: 1414 event types, streams={0: 'compact'}
  Metadata: 1414 event types, streams={0: 'compact'}
  Metadata: 1414 event types, streams={0: 'compact'}
  Metadata: 1414 event types, streams={0: 'compact'}
  Metadata: 1414 event types, streams={0: 'compact'}
  Metadata: 1414 event types, streams={0: 'compact'}
  Metadata: 1414 event types, streams={0: 'compact'}
  Metadata: 1414 event types, streams={0: 'compact'}
  Metadata: 1414 event types, streams={0: 'compact'}
  Metadata: 1414 event types, streams={0: 'compact'}
  Metadata: 1414 event types, streams={0: 'compact'}
  Metadata: 1414 event types, streams={0: 'compact'}
  Metadata: 1414 event types, streams={0: 'compact'}
  Metadata: 1414 event types, streams={0: 'compact'}
/localscratch/spool/slurmd/job59240860/slurm_script: line 67: 543821 Killed                  python3 "$REPO_DIR/varying-workload/preprocess_pts_shared_vocab.py" --family cpu
slurmstepd: error: Detected 1 oom_kill event in StepId=59240860.batch. Some of the step tasks have been OOM Killed.
